<?xml version="1.0" encoding="UTF-8"?>
<!-- Generated by org.testng.reporters.JUnitReportReporter -->
<testsuite hostname="DESKTOP-073D5BO" failures="0" tests="1" name="com_hrms_testScripts.TC_003" time="13.779" errors="0" timestamp="12 Dec 2022 15:30:43 GMT">
  <testcase classname="com_hrms_testScripts.TC_003" name="TC_003" time="13.779"/>
</testsuite> <!-- com_hrms_testScripts.TC_003 -->
