<?xml version="1.0" encoding="UTF-8"?>
<!-- Generated by org.testng.reporters.JUnitReportReporter -->
<testsuite hostname="DESKTOP-073D5BO" failures="0" tests="1" name="com_hrms_testScripts.TC_002" time="16.109" errors="0" timestamp="14 Dec 2022 07:02:02 GMT">
  <testcase classname="com_hrms_testScripts.TC_002" name="tc_002" time="16.109"/>
</testsuite> <!-- com_hrms_testScripts.TC_002 -->
