<?xml version="1.0" encoding="UTF-8"?>
<!-- Generated by org.testng.reporters.JUnitReportReporter -->
<testsuite hostname="DESKTOP-073D5BO" failures="0" tests="1" name="com_hrms_testScripts.TC_001" time="19.871" errors="0" timestamp="14 Dec 2022 12:31:05 GMT">
  <testcase classname="com_hrms_testScripts.TC_001" name="tc_001" time="19.871"/>
</testsuite> <!-- com_hrms_testScripts.TC_001 -->
